{
  "RSpec": {
    "coverage": {
      "/home/abhi/Desktop/Zomato-Clone--Rails-App-main/spec/requests/reviews_spec.rb": {
        "lines": [
          1,
          null,
          1,
          1,
          1,
          1,
          1,
          1,
          null,
          1,
          1,
          1,
          1,
          1,
          null,
          null,
          null,
          1,
          1,
          1,
          1,
          1,
          1,
          1,
          null,
          null,
          null,
          1,
          1,
          1,
          1,
          1,
          1,
          1,
          null,
          null,
          null,
          1,
          1,
          1,
          1,
          1,
          null,
          1,
          1,
          null,
          null,
          null,
          1,
          1,
          1,
          1,
          1,
          1,
          1,
          null,
          null,
          null
        ]
      },
      "/home/abhi/Desktop/Zomato-Clone--Rails-App-main/spec/rails_helper.rb": {
        "lines": [
          1,
          1,
          null,
          null,
          null,
          1,
          1,
          1,
          null,
          1,
          1,
          null,
          null,
          2,
          null,
          null,
          null,
          null,
          null,
          null,
          null,
          null,
          null,
          null,
          null,
          null,
          null,
          null,
          null,
          null,
          null,
          null,
          null,
          1,
          null,
          0,
          0,
          null,
          1,
          null,
          1,
          null,
          null,
          null,
          null,
          1,
          null,
          null,
          null,
          null,
          null,
          null,
          null,
          null,
          null,
          null,
          null,
          null,
          null,
          null,
          null,
          null,
          null,
          1,
          null,
          null,
          1,
          null,
          null,
          null,
          null,
          null,
          null,
          null,
          1,
          1,
          1,
          1,
          null,
          null
        ]
      },
      "/home/abhi/Desktop/Zomato-Clone--Rails-App-main/config/environment.rb": {
        "lines": [
          null,
          1,
          null,
          null,
          1
        ]
      },
      "/home/abhi/Desktop/Zomato-Clone--Rails-App-main/config/application.rb": {
        "lines": [
          1,
          null,
          1,
          null,
          null,
          null,
          1,
          null,
          1,
          1,
          null,
          1,
          null,
          null,
          null,
          null,
          null,
          null,
          null,
          null,
          null,
          null
        ]
      },
      "/home/abhi/Desktop/Zomato-Clone--Rails-App-main/config/boot.rb": {
        "lines": [
          1,
          null,
          1,
          1
        ]
      },
      "/home/abhi/Desktop/Zomato-Clone--Rails-App-main/config/environments/test.rb": {
        "lines": [
          1,
          null,
          null,
          null,
          null,
          null,
          null,
          1,
          null,
          null,
          null,
          1,
          null,
          null,
          null,
          null,
          1,
          null,
          null,
          1,
          1,
          null,
          null,
          null,
          null,
          1,
          1,
          1,
          null,
          null,
          1,
          null,
          null,
          1,
          null,
          null,
          1,
          null,
          1,
          null,
          null,
          null,
          null,
          1,
          null,
          null,
          1,
          null,
          null,
          1,
          null,
          null,
          1,
          null,
          null,
          null,
          null,
          null,
          null,
          null
        ]
      },
      "/home/abhi/Desktop/Zomato-Clone--Rails-App-main/config/initializers/assets.rb": {
        "lines": [
          null,
          null,
          null,
          1,
          null,
          null,
          null,
          null,
          null,
          null,
          null,
          null
        ]
      },
      "/home/abhi/Desktop/Zomato-Clone--Rails-App-main/config/initializers/content_security_policy.rb": {
        "lines": [
          null,
          null,
          null,
          null,
          null,
          null,
          null,
          null,
          null,
          null,
          null,
          null,
          null,
          null,
          null,
          null,
          null,
          null,
          null,
          null,
          null,
          null,
          null,
          null,
          null,
          null
        ]
      },
      "/home/abhi/Desktop/Zomato-Clone--Rails-App-main/config/initializers/filter_parameter_logging.rb": {
        "lines": [
          null,
          null,
          null,
          null,
          null,
          1,
          null,
          null
        ]
      },
      "/home/abhi/Desktop/Zomato-Clone--Rails-App-main/config/initializers/inflections.rb": {
        "lines": [
          null,
          null,
          null,
          null,
          null,
          null,
          null,
          null,
          null,
          null,
          null,
          null,
          null,
          null,
          null,
          null
        ]
      },
      "/home/abhi/Desktop/Zomato-Clone--Rails-App-main/config/initializers/omniauth.rb": {
        "lines": [
          1,
          1,
          1,
          null,
          null,
          1
        ]
      },
      "/home/abhi/Desktop/Zomato-Clone--Rails-App-main/config/initializers/permissions_policy.rb": {
        "lines": [
          null,
          null,
          null,
          null,
          null,
          null,
          null,
          null,
          null,
          null,
          null
        ]
      },
      "/home/abhi/Desktop/Zomato-Clone--Rails-App-main/spec/factories/books.rb": {
        "lines": [
          1,
          1,
          1,
          1,
          1,
          null,
          null
        ]
      },
      "/home/abhi/Desktop/Zomato-Clone--Rails-App-main/spec/factories/menus.rb": {
        "lines": [
          1,
          1,
          1,
          null,
          null
        ]
      },
      "/home/abhi/Desktop/Zomato-Clone--Rails-App-main/spec/factories/ord_items.rb": {
        "lines": [
          1,
          1,
          1,
          1,
          1,
          null,
          null
        ]
      },
      "/home/abhi/Desktop/Zomato-Clone--Rails-App-main/spec/factories/ords.rb": {
        "lines": [
          1,
          1,
          1,
          1,
          1,
          null,
          null
        ]
      },
      "/home/abhi/Desktop/Zomato-Clone--Rails-App-main/spec/factories/restaurants.rb": {
        "lines": [
          1,
          1,
          null,
          5,
          5,
          5,
          5,
          5,
          null,
          null
        ]
      },
      "/home/abhi/Desktop/Zomato-Clone--Rails-App-main/spec/factories/reviews.rb": {
        "lines": [
          1,
          1,
          2,
          4,
          1,
          1,
          null,
          null
        ]
      },
      "/home/abhi/Desktop/Zomato-Clone--Rails-App-main/spec/factories/users.rb": {
        "lines": [
          1,
          1,
          8,
          6,
          8,
          8,
          8,
          null,
          1,
          1,
          null,
          null,
          1,
          null,
          null
        ]
      },
      "/home/abhi/Desktop/Zomato-Clone--Rails-App-main/config/routes.rb": {
        "lines": [
          1,
          null,
          1,
          1,
          null,
          null,
          1,
          null,
          null,
          null,
          null,
          null,
          null,
          null,
          1,
          1,
          1,
          1,
          null,
          null,
          1,
          1,
          1,
          null,
          1,
          null,
          null,
          1,
          null,
          null,
          null,
          1,
          1,
          1,
          1,
          1,
          1,
          1,
          1,
          null,
          null,
          1,
          1,
          1,
          1,
          1,
          1,
          null
        ]
      },
      "/home/abhi/Desktop/Zomato-Clone--Rails-App-main/app/helpers/admin_panel_helper.rb": {
        "lines": [
          1,
          null
        ]
      },
      "/home/abhi/Desktop/Zomato-Clone--Rails-App-main/app/helpers/application_helper.rb": {
        "lines": [
          1,
          null
        ]
      },
      "/home/abhi/Desktop/Zomato-Clone--Rails-App-main/app/helpers/book_offline_helper.rb": {
        "lines": [
          1,
          null
        ]
      },
      "/home/abhi/Desktop/Zomato-Clone--Rails-App-main/app/helpers/gmapps_helper.rb": {
        "lines": [
          1,
          null
        ]
      },
      "/home/abhi/Desktop/Zomato-Clone--Rails-App-main/app/helpers/home_page_helper.rb": {
        "lines": [
          1,
          null
        ]
      },
      "/home/abhi/Desktop/Zomato-Clone--Rails-App-main/app/helpers/hotels_helper.rb": {
        "lines": [
          1,
          null
        ]
      },
      "/home/abhi/Desktop/Zomato-Clone--Rails-App-main/app/helpers/menus_helper.rb": {
        "lines": [
          1,
          null
        ]
      },
      "/home/abhi/Desktop/Zomato-Clone--Rails-App-main/app/helpers/ord_items_helper.rb": {
        "lines": [
          1,
          null
        ]
      },
      "/home/abhi/Desktop/Zomato-Clone--Rails-App-main/app/helpers/ordered_items_helper.rb": {
        "lines": [
          1,
          null
        ]
      },
      "/home/abhi/Desktop/Zomato-Clone--Rails-App-main/app/helpers/orders_helper.rb": {
        "lines": [
          1,
          null
        ]
      },
      "/home/abhi/Desktop/Zomato-Clone--Rails-App-main/app/helpers/ords_helper.rb": {
        "lines": [
          1,
          null
        ]
      },
      "/home/abhi/Desktop/Zomato-Clone--Rails-App-main/app/helpers/restaurants_helper.rb": {
        "lines": [
          1,
          null
        ]
      },
      "/home/abhi/Desktop/Zomato-Clone--Rails-App-main/app/helpers/reviews_helper.rb": {
        "lines": [
          1,
          null
        ]
      },
      "/home/abhi/Desktop/Zomato-Clone--Rails-App-main/app/helpers/sessions_helper.rb": {
        "lines": [
          1,
          null
        ]
      },
      "/home/abhi/Desktop/Zomato-Clone--Rails-App-main/app/helpers/users_helper.rb": {
        "lines": [
          1,
          null
        ]
      },
      "/home/abhi/Desktop/Zomato-Clone--Rails-App-main/spec/support/factory_bot.rb": {
        "lines": [
          1,
          1,
          null
        ]
      },
      "/home/abhi/Desktop/Zomato-Clone--Rails-App-main/app/models/user.rb": {
        "lines": [
          1,
          1,
          null,
          1,
          null,
          1,
          1,
          1,
          1,
          1,
          null,
          1,
          7,
          null,
          null
        ]
      },
      "/home/abhi/Desktop/Zomato-Clone--Rails-App-main/app/models/application_record.rb": {
        "lines": [
          1,
          1,
          null
        ]
      },
      "/home/abhi/Desktop/Zomato-Clone--Rails-App-main/app/controllers/reviews_controller.rb": {
        "lines": [
          1,
          null,
          1,
          2,
          1,
          null,
          1,
          null,
          null,
          null,
          1,
          1,
          1,
          1,
          1,
          1,
          null,
          null,
          null,
          null,
          1,
          1,
          null,
          null,
          1,
          1,
          null,
          1,
          0,
          1,
          0,
          null,
          1,
          null,
          null,
          null,
          1,
          1,
          1,
          1,
          null,
          null,
          1,
          1,
          1,
          null,
          null
        ]
      },
      "/home/abhi/Desktop/Zomato-Clone--Rails-App-main/app/controllers/application_controller.rb": {
        "lines": [
          1,
          1,
          null,
          1,
          11,
          8,
          null,
          null,
          null,
          1,
          6,
          null,
          null,
          1,
          0,
          null,
          null
        ]
      },
      "/home/abhi/Desktop/Zomato-Clone--Rails-App-main/app/controllers/sessions_controller.rb": {
        "lines": [
          1,
          1,
          0,
          0,
          null,
          null,
          null,
          1,
          3,
          null,
          3,
          3,
          3,
          null,
          null,
          0,
          0,
          null,
          null,
          null,
          1,
          0,
          0,
          null,
          null,
          1,
          0,
          0,
          0,
          0,
          null,
          null,
          null,
          null,
          null,
          null,
          null,
          null,
          0,
          0,
          null,
          null
        ]
      },
      "/home/abhi/Desktop/Zomato-Clone--Rails-App-main/app/models/review.rb": {
        "lines": [
          1,
          1,
          1,
          null
        ]
      },
      "/home/abhi/Desktop/Zomato-Clone--Rails-App-main/app/models/restaurant.rb": {
        "lines": [
          1,
          1,
          1,
          1,
          1,
          null,
          1,
          1,
          null,
          1,
          null,
          null,
          null
        ]
      }
    },
    "timestamp": 1657299839
  }
}
