{
  "RSpec": {
    "coverage": {
      "/home/abhi/Desktop/Zomato-Clone--Rails-App-main/app/helpers/admin_panel_helper.rb": {
        "lines": [
          1,
          null
        ]
      },
      "/home/abhi/Desktop/Zomato-Clone--Rails-App-main/app/helpers/application_helper.rb": {
        "lines": [
          1,
          null
        ]
      },
      "/home/abhi/Desktop/Zomato-Clone--Rails-App-main/app/helpers/book_offline_helper.rb": {
        "lines": [
          1,
          null
        ]
      },
      "/home/abhi/Desktop/Zomato-Clone--Rails-App-main/app/helpers/gmapps_helper.rb": {
        "lines": [
          1,
          null
        ]
      },
      "/home/abhi/Desktop/Zomato-Clone--Rails-App-main/app/helpers/home_page_helper.rb": {
        "lines": [
          1,
          null
        ]
      },
      "/home/abhi/Desktop/Zomato-Clone--Rails-App-main/app/helpers/hotels_helper.rb": {
        "lines": [
          1,
          null
        ]
      },
      "/home/abhi/Desktop/Zomato-Clone--Rails-App-main/app/helpers/menus_helper.rb": {
        "lines": [
          1,
          null
        ]
      },
      "/home/abhi/Desktop/Zomato-Clone--Rails-App-main/app/helpers/ord_items_helper.rb": {
        "lines": [
          1,
          null
        ]
      },
      "/home/abhi/Desktop/Zomato-Clone--Rails-App-main/app/helpers/ordered_items_helper.rb": {
        "lines": [
          1,
          null
        ]
      },
      "/home/abhi/Desktop/Zomato-Clone--Rails-App-main/app/helpers/orders_helper.rb": {
        "lines": [
          1,
          null
        ]
      },
      "/home/abhi/Desktop/Zomato-Clone--Rails-App-main/app/helpers/ords_helper.rb": {
        "lines": [
          1,
          null
        ]
      },
      "/home/abhi/Desktop/Zomato-Clone--Rails-App-main/app/helpers/restaurants_helper.rb": {
        "lines": [
          1,
          null
        ]
      },
      "/home/abhi/Desktop/Zomato-Clone--Rails-App-main/app/helpers/reviews_helper.rb": {
        "lines": [
          1,
          null
        ]
      },
      "/home/abhi/Desktop/Zomato-Clone--Rails-App-main/app/helpers/sessions_helper.rb": {
        "lines": [
          1,
          null
        ]
      },
      "/home/abhi/Desktop/Zomato-Clone--Rails-App-main/app/helpers/users_helper.rb": {
        "lines": [
          1,
          null
        ]
      },
      "/home/abhi/Desktop/Zomato-Clone--Rails-App-main/app/models/book.rb": {
        "lines": [
          1,
          1,
          1,
          null
        ]
      },
      "/home/abhi/Desktop/Zomato-Clone--Rails-App-main/app/models/application_record.rb": {
        "lines": [
          1,
          1,
          null
        ]
      },
      "/home/abhi/Desktop/Zomato-Clone--Rails-App-main/app/models/menu.rb": {
        "lines": [
          1,
          1,
          null
        ]
      },
      "/home/abhi/Desktop/Zomato-Clone--Rails-App-main/app/models/ord_item.rb": {
        "lines": [
          1,
          1,
          null
        ]
      },
      "/home/abhi/Desktop/Zomato-Clone--Rails-App-main/app/models/ord.rb": {
        "lines": [
          1,
          1,
          1,
          1,
          null
        ]
      },
      "/home/abhi/Desktop/Zomato-Clone--Rails-App-main/app/models/restaurant.rb": {
        "lines": [
          1,
          1,
          1,
          1,
          1,
          null,
          1,
          1,
          null,
          1,
          null
        ]
      },
      "/home/abhi/Desktop/Zomato-Clone--Rails-App-main/app/models/review.rb": {
        "lines": [
          1,
          1,
          1,
          null
        ]
      },
      "/home/abhi/Desktop/Zomato-Clone--Rails-App-main/app/models/user.rb": {
        "lines": [
          1,
          1,
          null,
          1,
          null,
          1,
          1,
          1,
          1,
          1,
          null,
          1,
          37,
          null,
          null
        ]
      },
      "/home/abhi/Desktop/Zomato-Clone--Rails-App-main/app/controllers/book_offline_controller.rb": {
        "lines": [
          1,
          1,
          null,
          1,
          2,
          1,
          null,
          1,
          null,
          null,
          null,
          1,
          2,
          1,
          null,
          1,
          1,
          1,
          null,
          1,
          null,
          null,
          null
        ]
      },
      "/home/abhi/Desktop/Zomato-Clone--Rails-App-main/app/controllers/application_controller.rb": {
        "lines": [
          1,
          1,
          null,
          1,
          86,
          null,
          null,
          1,
          52,
          null,
          null,
          1,
          5,
          null,
          null
        ]
      },
      "/home/abhi/Desktop/Zomato-Clone--Rails-App-main/app/controllers/sessions_controller.rb": {
        "lines": [
          1,
          1,
          0,
          null,
          null,
          1,
          20,
          null,
          20,
          20,
          20,
          null,
          null,
          0,
          0,
          null,
          null,
          null,
          1,
          0,
          0,
          null,
          null,
          1,
          0,
          null,
          0,
          0,
          0,
          null,
          null,
          null,
          null,
          null,
          null,
          null,
          null,
          0,
          0,
          null,
          null
        ]
      },
      "/home/abhi/Desktop/Zomato-Clone--Rails-App-main/app/controllers/menus_controller.rb": {
        "lines": [
          1,
          1,
          1,
          null,
          null
        ]
      },
      "/home/abhi/Desktop/Zomato-Clone--Rails-App-main/app/controllers/ords_controller.rb": {
        "lines": [
          1,
          1,
          1,
          1,
          1,
          1,
          1,
          1,
          1,
          1,
          null,
          0,
          null,
          null,
          null,
          1,
          1,
          1,
          1,
          1,
          1,
          1,
          1,
          1,
          2,
          null,
          1,
          null,
          0,
          null,
          null,
          null
        ]
      },
      "/home/abhi/Desktop/Zomato-Clone--Rails-App-main/app/controllers/restaurants_controller.rb": {
        "lines": [
          1,
          1,
          2,
          1,
          null,
          1,
          null,
          null,
          null,
          1,
          2,
          1,
          null,
          1,
          null,
          null,
          null,
          1,
          3,
          1,
          null,
          2,
          2,
          null,
          null,
          null,
          1,
          1,
          1,
          1,
          null,
          null,
          0,
          null,
          null,
          null,
          1,
          3,
          1,
          null,
          2,
          2,
          null,
          null,
          null,
          1,
          1,
          null,
          1,
          0,
          0,
          null,
          null,
          1,
          1,
          null,
          0,
          null,
          null,
          null,
          1,
          1,
          1,
          null,
          1,
          null,
          null,
          1,
          4,
          1,
          1,
          null,
          null,
          4,
          4,
          null,
          null,
          1,
          null,
          1,
          1,
          null,
          null,
          1,
          1,
          null,
          null
        ]
      },
      "/home/abhi/Desktop/Zomato-Clone--Rails-App-main/app/controllers/users_controller.rb": {
        "lines": [
          1,
          1,
          null,
          1,
          2,
          1,
          null,
          1,
          null,
          null,
          null,
          1,
          0,
          0,
          0,
          null,
          null,
          0,
          0,
          0,
          0,
          0,
          null,
          0,
          null,
          null,
          null,
          1,
          2,
          2,
          2,
          2,
          null,
          null,
          1,
          1,
          null,
          null,
          1,
          2,
          1,
          null,
          null,
          1,
          1,
          1,
          null,
          0,
          null,
          null,
          null,
          null,
          1,
          1,
          null,
          null,
          1,
          null,
          1,
          1,
          null,
          null,
          null
        ]
      },
      "/home/abhi/Desktop/Zomato-Clone--Rails-App-main/app/controllers/reviews_controller.rb": {
        "lines": [
          1,
          1,
          3,
          2,
          null,
          1,
          null,
          null,
          null,
          1,
          1,
          1,
          1,
          1,
          1,
          null,
          null,
          null,
          null,
          1,
          1,
          null,
          null,
          1,
          1,
          null,
          1,
          0,
          1,
          0,
          null,
          1,
          null,
          null,
          null,
          1,
          1,
          1,
          1,
          null,
          null,
          1,
          null,
          1,
          1,
          null,
          null
        ]
      }
    },
    "timestamp": 1657442590
  }
}
